This file contains any messages produced by compilers while
running configure, to aid debugging if configure makes a mistake.

It was created by GD configure 2.0.35, which was
generated by GNU Autoconf 2.61.  Invocation command line was

  $ ./configure --prefix /users/dor/armn/yrc/data/svn-xrec-depot/trunk/../lib --disable-shared

## --------- ##
## Platform. ##
## --------- ##

hostname = phillips
uname -m = i686
uname -r = 2.6.18-4-686
uname -s = Linux
uname -v = #1 SMP Wed May 9 23:03:12 UTC 2007

/usr/bin/uname -p = unknown
/bin/uname -X     = unknown

/bin/arch              = i686
/usr/bin/arch -k       = unknown
/usr/convex/getsysinfo = unknown
/usr/bin/hostinfo      = unknown
/bin/machine           = unknown
/usr/bin/oslevel       = unknown
/bin/universe          = unknown

PATH: /home/dormrb02/ssm-pgi-611/all/bin
PATH: /data/dormrb04/ssm-pgi-611/linux24-i386/bin
PATH: /data/dormrb04/ssm-forcheck/linux24-i386/bin
PATH: /opt/acrobat_705/bin
PATH: /opt/bin
PATH: /data/local/tmpdirs/armnyrc/10180/bin
PATH: /home/dormrb02/ssm-pgi-611/all/bin
PATH: /data/dormrb04/ssm-pgi-611/linux24-i386/bin
PATH: /data/dormrb04/ssm-forcheck/linux24-i386/bin
PATH: /users/dor/armn/yrc/ovbin/i686
PATH: /users/dor/armn/yrc/ovbin
PATH: .
PATH: /opt/ssm/all/bin
PATH: /opt/ssm/linux24-i386/bin
PATH: /usr/local/bin
PATH: /usr/bin
PATH: /bin
PATH: /usr/games
PATH: /usr/local/env/armnlib/bin
PATH: /usr/local/env/armnlib/scripts
PATH: /usr/local/env/afsisio/scripts/usr
PATH: /usr/local/env/afsisio/scripts/op
PATH: /usr/local/env/afsisio/programs
PATH: /users/dor/armn/yrc/bin
PATH: /usr/local/env/armnlib/modeles/NONE/v_0.0.0/scripts


## ----------- ##
## Core tests. ##
## ----------- ##

configure:2006: checking build system type
configure:2024: result: i686-pc-linux-gnu
configure:2046: checking host system type
configure:2061: result: i686-pc-linux-gnu
configure:2083: checking target system type
configure:2098: result: i686-pc-linux-gnu
configure:2156: checking for a BSD-compatible install
configure:2212: result: /usr/bin/install -c
configure:2223: checking whether build environment is sane
configure:2266: result: yes
configure:2331: checking for gawk
configure:2347: found /usr/bin/gawk
configure:2358: result: gawk
configure:2369: checking whether make sets $(MAKE)
configure:2390: result: yes
configure:2577: checking if we are building a Cygwin target
configure:2587: result: no
configure:2639: checking for gcc
configure:2655: found /usr/bin/gcc
configure:2666: result: gcc
configure:2904: checking for C compiler version
configure:2911: gcc --version >&5
gcc (GCC) 4.1.2 20061115 (prerelease) (Debian 4.1.1-21)
Copyright (C) 2006 Free Software Foundation, Inc.
This is free software; see the source for copying conditions.  There is NO
warranty; not even for MERCHANTABILITY or FITNESS FOR A PARTICULAR PURPOSE.

configure:2914: $? = 0
configure:2921: gcc -v >&5
Using built-in specs.
Target: i486-linux-gnu
Configured with: ../src/configure -v --enable-languages=c,c++,fortran,objc,obj-c++,treelang --prefix=/usr --enable-shared --with-system-zlib --libexecdir=/usr/lib --without-included-gettext --enable-threads=posix --enable-nls --program-suffix=-4.1 --enable-__cxa_atexit --enable-clocale=gnu --enable-libstdcxx-debug --enable-mpfr --with-tune=i686 --enable-checking=release i486-linux-gnu
Thread model: posix
gcc version 4.1.2 20061115 (prerelease) (Debian 4.1.1-21)
configure:2924: $? = 0
configure:2931: gcc -V >&5
gcc: '-V' option must have argument
configure:2934: $? = 1
configure:2957: checking for C compiler default output file name
configure:2984: gcc    conftest.c  >&5
configure:2987: $? = 0
configure:3025: result: a.out
configure:3042: checking whether the C compiler works
configure:3052: ./a.out
configure:3055: $? = 0
configure:3072: result: yes
configure:3079: checking whether we are cross compiling
configure:3081: result: no
configure:3084: checking for suffix of executables
configure:3091: gcc -o conftest    conftest.c  >&5
configure:3094: $? = 0
configure:3118: result: 
configure:3124: checking for suffix of object files
configure:3150: gcc -c   conftest.c >&5
configure:3153: $? = 0
configure:3176: result: o
configure:3180: checking whether we are using the GNU C compiler
configure:3209: gcc -c   conftest.c >&5
configure:3215: $? = 0
configure:3232: result: yes
configure:3237: checking whether gcc accepts -g
configure:3267: gcc -c -g  conftest.c >&5
configure:3273: $? = 0
configure:3372: result: yes
configure:3389: checking for gcc option to accept ISO C89
configure:3463: gcc  -c -g -O2  conftest.c >&5
configure:3469: $? = 0
configure:3492: result: none needed
configure:3521: checking for style of include used by make
configure:3549: result: GNU
configure:3577: checking dependency style of gcc
configure:3667: result: gcc3
configure:3732: checking for gcc
configure:3759: result: gcc
configure:3997: checking for C compiler version
configure:4004: gcc --version >&5
gcc (GCC) 4.1.2 20061115 (prerelease) (Debian 4.1.1-21)
Copyright (C) 2006 Free Software Foundation, Inc.
This is free software; see the source for copying conditions.  There is NO
warranty; not even for MERCHANTABILITY or FITNESS FOR A PARTICULAR PURPOSE.

configure:4007: $? = 0
configure:4014: gcc -v >&5
Using built-in specs.
Target: i486-linux-gnu
Configured with: ../src/configure -v --enable-languages=c,c++,fortran,objc,obj-c++,treelang --prefix=/usr --enable-shared --with-system-zlib --libexecdir=/usr/lib --without-included-gettext --enable-threads=posix --enable-nls --program-suffix=-4.1 --enable-__cxa_atexit --enable-clocale=gnu --enable-libstdcxx-debug --enable-mpfr --with-tune=i686 --enable-checking=release i486-linux-gnu
Thread model: posix
gcc version 4.1.2 20061115 (prerelease) (Debian 4.1.1-21)
configure:4017: $? = 0
configure:4024: gcc -V >&5
gcc: '-V' option must have argument
configure:4027: $? = 1
configure:4030: checking whether we are using the GNU C compiler
configure:4082: result: yes
configure:4087: checking whether gcc accepts -g
configure:4222: result: yes
configure:4239: checking for gcc option to accept ISO C89
configure:4342: result: none needed
configure:4362: checking dependency style of gcc
configure:4452: result: gcc3
configure:4485: checking for a BSD-compatible install
configure:4541: result: /usr/bin/install -c
configure:4624: checking for a sed that does not truncate output
configure:4678: result: /bin/sed
configure:4681: checking for grep that handles long lines and -e
configure:4755: result: /bin/grep
configure:4760: checking for egrep
configure:4838: result: /bin/grep -E
configure:4854: checking for ld used by gcc
configure:4921: result: /usr/bin/ld
configure:4930: checking if the linker (/usr/bin/ld) is GNU ld
configure:4945: result: yes
configure:4950: checking for /usr/bin/ld option to reload object files
configure:4957: result: -r
configure:4975: checking for BSD-compatible nm
configure:5024: result: /usr/bin/nm -B
configure:5028: checking whether ln -s works
configure:5032: result: yes
configure:5039: checking how to recognise dependent libraries
configure:5215: result: pass_all
configure:5449: checking how to run the C preprocessor
configure:5489: gcc -E  conftest.c
configure:5495: $? = 0
configure:5526: gcc -E  conftest.c
conftest.c:10:28: error: ac_nonexistent.h: No such file or directory
configure:5532: $? = 1
configure: failed program was:
| /* confdefs.h.  */
| #define PACKAGE_NAME "GD"
| #define PACKAGE_TARNAME "gd"
| #define PACKAGE_VERSION "2.0.35"
| #define PACKAGE_STRING "GD 2.0.35"
| #define PACKAGE_BUGREPORT "http://bugs.libgd.org"
| #define PACKAGE "gd"
| #define VERSION "2.0.35"
| /* end confdefs.h.  */
| #include <ac_nonexistent.h>
configure:5565: result: gcc -E
configure:5594: gcc -E  conftest.c
configure:5600: $? = 0
configure:5631: gcc -E  conftest.c
conftest.c:10:28: error: ac_nonexistent.h: No such file or directory
configure:5637: $? = 1
configure: failed program was:
| /* confdefs.h.  */
| #define PACKAGE_NAME "GD"
| #define PACKAGE_TARNAME "gd"
| #define PACKAGE_VERSION "2.0.35"
| #define PACKAGE_STRING "GD 2.0.35"
| #define PACKAGE_BUGREPORT "http://bugs.libgd.org"
| #define PACKAGE "gd"
| #define VERSION "2.0.35"
| /* end confdefs.h.  */
| #include <ac_nonexistent.h>
configure:5675: checking for ANSI C header files
configure:5705: gcc -c -g -O2  conftest.c >&5
configure:5711: $? = 0
configure:5810: gcc -o conftest -g -O2   conftest.c  >&5
configure:5813: $? = 0
configure:5819: ./conftest
configure:5822: $? = 0
configure:5839: result: yes
configure:5863: checking for sys/types.h
configure:5884: gcc -c -g -O2  conftest.c >&5
configure:5890: $? = 0
configure:5906: result: yes
configure:5863: checking for sys/stat.h
configure:5884: gcc -c -g -O2  conftest.c >&5
configure:5890: $? = 0
configure:5906: result: yes
configure:5863: checking for stdlib.h
configure:5884: gcc -c -g -O2  conftest.c >&5
configure:5890: $? = 0
configure:5906: result: yes
configure:5863: checking for string.h
configure:5884: gcc -c -g -O2  conftest.c >&5
configure:5890: $? = 0
configure:5906: result: yes
configure:5863: checking for memory.h
configure:5884: gcc -c -g -O2  conftest.c >&5
configure:5890: $? = 0
configure:5906: result: yes
configure:5863: checking for strings.h
configure:5884: gcc -c -g -O2  conftest.c >&5
configure:5890: $? = 0
configure:5906: result: yes
configure:5863: checking for inttypes.h
configure:5884: gcc -c -g -O2  conftest.c >&5
configure:5890: $? = 0
configure:5906: result: yes
configure:5863: checking for stdint.h
configure:5884: gcc -c -g -O2  conftest.c >&5
configure:5890: $? = 0
configure:5906: result: yes
configure:5863: checking for unistd.h
configure:5884: gcc -c -g -O2  conftest.c >&5
configure:5890: $? = 0
configure:5906: result: yes
configure:5933: checking dlfcn.h usability
configure:5950: gcc -c -g -O2  conftest.c >&5
configure:5956: $? = 0
configure:5970: result: yes
configure:5974: checking dlfcn.h presence
configure:5989: gcc -E  conftest.c
configure:5995: $? = 0
configure:6009: result: yes
configure:6042: checking for dlfcn.h
configure:6050: result: yes
configure:6121: checking for g++
configure:6137: found /usr/bin/g++
configure:6148: result: g++
configure:6179: checking for C++ compiler version
configure:6186: g++ --version >&5
g++ (GCC) 4.1.2 20061115 (prerelease) (Debian 4.1.1-21)
Copyright (C) 2006 Free Software Foundation, Inc.
This is free software; see the source for copying conditions.  There is NO
warranty; not even for MERCHANTABILITY or FITNESS FOR A PARTICULAR PURPOSE.

configure:6189: $? = 0
configure:6196: g++ -v >&5
Using built-in specs.
Target: i486-linux-gnu
Configured with: ../src/configure -v --enable-languages=c,c++,fortran,objc,obj-c++,treelang --prefix=/usr --enable-shared --with-system-zlib --libexecdir=/usr/lib --without-included-gettext --enable-threads=posix --enable-nls --program-suffix=-4.1 --enable-__cxa_atexit --enable-clocale=gnu --enable-libstdcxx-debug --enable-mpfr --with-tune=i686 --enable-checking=release i486-linux-gnu
Thread model: posix
gcc version 4.1.2 20061115 (prerelease) (Debian 4.1.1-21)
configure:6199: $? = 0
configure:6206: g++ -V >&5
g++: '-V' option must have argument
configure:6209: $? = 1
configure:6212: checking whether we are using the GNU C++ compiler
configure:6241: g++ -c   conftest.cpp >&5
configure:6247: $? = 0
configure:6264: result: yes
configure:6269: checking whether g++ accepts -g
configure:6299: g++ -c -g  conftest.cpp >&5
configure:6305: $? = 0
configure:6404: result: yes
configure:6429: checking dependency style of g++
configure:6519: result: gcc3
configure:6546: checking how to run the C++ preprocessor
configure:6582: g++ -E  conftest.cpp
configure:6588: $? = 0
configure:6619: g++ -E  conftest.cpp
conftest.cpp:21:28: error: ac_nonexistent.h: No such file or directory
configure:6625: $? = 1
configure: failed program was:
| /* confdefs.h.  */
| #define PACKAGE_NAME "GD"
| #define PACKAGE_TARNAME "gd"
| #define PACKAGE_VERSION "2.0.35"
| #define PACKAGE_STRING "GD 2.0.35"
| #define PACKAGE_BUGREPORT "http://bugs.libgd.org"
| #define PACKAGE "gd"
| #define VERSION "2.0.35"
| #define STDC_HEADERS 1
| #define HAVE_SYS_TYPES_H 1
| #define HAVE_SYS_STAT_H 1
| #define HAVE_STDLIB_H 1
| #define HAVE_STRING_H 1
| #define HAVE_MEMORY_H 1
| #define HAVE_STRINGS_H 1
| #define HAVE_INTTYPES_H 1
| #define HAVE_STDINT_H 1
| #define HAVE_UNISTD_H 1
| #define HAVE_DLFCN_H 1
| /* end confdefs.h.  */
| #include <ac_nonexistent.h>
configure:6658: result: g++ -E
configure:6687: g++ -E  conftest.cpp
configure:6693: $? = 0
configure:6724: g++ -E  conftest.cpp
conftest.cpp:21:28: error: ac_nonexistent.h: No such file or directory
configure:6730: $? = 1
configure: failed program was:
| /* confdefs.h.  */
| #define PACKAGE_NAME "GD"
| #define PACKAGE_TARNAME "gd"
| #define PACKAGE_VERSION "2.0.35"
| #define PACKAGE_STRING "GD 2.0.35"
| #define PACKAGE_BUGREPORT "http://bugs.libgd.org"
| #define PACKAGE "gd"
| #define VERSION "2.0.35"
| #define STDC_HEADERS 1
| #define HAVE_SYS_TYPES_H 1
| #define HAVE_SYS_STAT_H 1
| #define HAVE_STDLIB_H 1
| #define HAVE_STRING_H 1
| #define HAVE_MEMORY_H 1
| #define HAVE_STRINGS_H 1
| #define HAVE_INTTYPES_H 1
| #define HAVE_STDINT_H 1
| #define HAVE_UNISTD_H 1
| #define HAVE_DLFCN_H 1
| /* end confdefs.h.  */
| #include <ac_nonexistent.h>
configure:6823: checking for g77
configure:6839: found /usr/bin/g77
configure:6850: result: g77
configure:6880: checking for Fortran 77 compiler version
configure:6887: g77 --version >&5
GNU Fortran (GCC) 3.4.6 (Debian 3.4.6-5)
Copyright (C) 2006 Free Software Foundation, Inc.

GNU Fortran comes with NO WARRANTY, to the extent permitted by law.
You may redistribute copies of GNU Fortran
under the terms of the GNU General Public License.
For more information about these matters, see the file named COPYING
or type the command `info -f g77 Copying'.
configure:6890: $? = 0
configure:6897: g77 -v >&5
Reading specs from /usr/lib/gcc/i486-linux-gnu/3.4.6/specs
Configured with: ../src/configure -v --enable-languages=c,c++,f77,pascal --prefix=/usr --libexecdir=/usr/lib --with-gxx-include-dir=/usr/include/c++/3.4 --enable-shared --with-system-zlib --enable-nls --without-included-gettext --program-suffix=-3.4 --enable-__cxa_atexit --enable-clocale=gnu --enable-libstdcxx-debug --with-tune=i686 i486-linux-gnu
Thread model: posix
gcc version 3.4.6 (Debian 3.4.6-5)
configure:6900: $? = 0
configure:6907: g77 -V >&5
g77: `-V' option must have argument
configure:6910: $? = 1
configure:6918: checking whether we are using the GNU Fortran 77 compiler
configure:6937: g77 -c  conftest.F >&5
configure:6943: $? = 0
configure:6960: result: yes
configure:6966: checking whether g77 accepts -g
configure:6983: g77 -c -g conftest.f >&5
configure:6989: $? = 0
configure:7005: result: yes
configure:7035: checking the maximum length of command line arguments
configure:7144: result: 32768
configure:7155: checking command to parse /usr/bin/nm -B output from gcc object
configure:7260: gcc -c -g -O2  conftest.c >&5
configure:7263: $? = 0
configure:7267: /usr/bin/nm -B conftest.o \| sed -n -e 's/^.*[ 	]\([ABCDGIRSTW][ABCDGIRSTW]*\)[ 	][ 	]*\([_A-Za-z][_A-Za-z0-9]*\)$/\1 \2 \2/p' \> conftest.nm
configure:7270: $? = 0
configure:7322: gcc -o conftest -g -O2   conftest.c conftstm.o >&5
configure:7325: $? = 0
configure:7363: result: ok
configure:7367: checking for objdir
configure:7382: result: .libs
configure:7474: checking for ar
configure:7490: found /usr/bin/ar
configure:7501: result: ar
configure:7570: checking for ranlib
configure:7586: found /usr/bin/ranlib
configure:7597: result: ranlib
configure:7666: checking for strip
configure:7682: found /usr/bin/strip
configure:7693: result: strip
configure:7979: checking if gcc supports -fno-rtti -fno-exceptions
configure:7997: gcc -c -g -O2  -fno-rtti -fno-exceptions conftest.c >&5
cc1: warning: command line option "-fno-rtti" is valid for C++/ObjC++ but not for C
configure:8001: $? = 0
configure:8014: result: no
configure:8029: checking for gcc option to produce PIC
configure:8239: result: -fPIC
configure:8247: checking if gcc PIC flag -fPIC works
configure:8265: gcc -c -g -O2  -fPIC -DPIC conftest.c >&5
configure:8269: $? = 0
configure:8282: result: yes
configure:8310: checking if gcc static flag -static works
configure:8338: result: yes
configure:8348: checking if gcc supports -c -o file.o
configure:8369: gcc -c -g -O2  -o out/conftest2.o conftest.c >&5
configure:8373: $? = 0
configure:8395: result: yes
configure:8421: checking whether the gcc linker (/usr/bin/ld) supports shared libraries
configure:9376: result: yes
configure:9443: checking dynamic linker characteristics
configure:10019: result: GNU/Linux ld.so
configure:10028: checking how to hardcode library paths into programs
configure:10053: result: immediate
configure:10067: checking whether stripping libraries is possible
configure:10072: result: yes
configure:10873: checking if libtool supports shared libraries
configure:10875: result: yes
configure:10878: checking whether to build shared libraries
configure:10899: result: no
configure:10902: checking whether to build static libraries
configure:10906: result: yes
configure:10998: creating libtool
configure:11586: checking for ld used by g++
configure:11653: result: /usr/bin/ld
configure:11662: checking if the linker (/usr/bin/ld) is GNU ld
configure:11677: result: yes
configure:11728: checking whether the g++ linker (/usr/bin/ld) supports shared libraries
configure:12662: result: yes
configure:12680: g++ -c -g -O2  conftest.cpp >&5
configure:12683: $? = 0
configure:12802: checking for g++ option to produce PIC
configure:13076: result: -fPIC
configure:13084: checking if g++ PIC flag -fPIC works
configure:13102: g++ -c -g -O2  -fPIC -DPIC conftest.cpp >&5
configure:13106: $? = 0
configure:13119: result: yes
configure:13147: checking if g++ static flag -static works
configure:13175: result: yes
configure:13185: checking if g++ supports -c -o file.o
configure:13206: g++ -c -g -O2  -o out/conftest2.o conftest.cpp >&5
configure:13210: $? = 0
configure:13232: result: yes
configure:13258: checking whether the g++ linker (/usr/bin/ld) supports shared libraries
configure:13286: result: yes
configure:13353: checking dynamic linker characteristics
configure:13929: result: GNU/Linux ld.so
configure:13938: checking how to hardcode library paths into programs
configure:13963: result: immediate
configure:14489: checking if libtool supports shared libraries
configure:14491: result: yes
configure:14494: checking whether to build shared libraries
configure:14514: result: no
configure:14517: checking whether to build static libraries
configure:14521: result: yes
configure:14531: checking for g77 option to produce PIC
configure:14741: result: -fPIC
configure:14749: checking if g77 PIC flag -fPIC works
configure:14767: g77 -c -g -O2 -fPIC conftest.f >&5
configure:14771: $? = 0
configure:14784: result: yes
configure:14812: checking if g77 static flag -static works
configure:14840: result: yes
configure:14850: checking if g77 supports -c -o file.o
configure:14871: g77 -c -g -O2 -o out/conftest2.o conftest.f >&5
configure:14875: $? = 0
configure:14897: result: yes
configure:14923: checking whether the g77 linker (/usr/bin/ld) supports shared libraries
configure:15858: result: yes
configure:15925: checking dynamic linker characteristics
configure:16501: result: GNU/Linux ld.so
configure:16510: checking how to hardcode library paths into programs
configure:16535: result: immediate
configure:20081: checking whether ln -s works
configure:20085: result: yes
configure:20092: checking whether make sets $(MAKE)
configure:20113: result: yes
configure:20124: checking for X
configure:20294: gcc -o conftest -g -O2   conftest.c -lX11  >&5
configure:20300: $? = 0
configure:20359: result: libraries , headers 
configure:20371: checking for ANSI C header files
configure:20535: result: yes
configure:20565: checking errno.h usability
configure:20582: gcc -c -g -O2  conftest.c >&5
configure:20588: $? = 0
configure:20602: result: yes
configure:20606: checking errno.h presence
configure:20621: gcc -E  conftest.c
configure:20627: $? = 0
configure:20641: result: yes
configure:20674: checking for errno.h
configure:20682: result: yes
configure:20565: checking limits.h usability
configure:20582: gcc -c -g -O2  conftest.c >&5
configure:20588: $? = 0
configure:20602: result: yes
configure:20606: checking limits.h presence
configure:20621: gcc -E  conftest.c
configure:20627: $? = 0
configure:20641: result: yes
configure:20674: checking for limits.h
configure:20682: result: yes
configure:20565: checking stddef.h usability
configure:20582: gcc -c -g -O2  conftest.c >&5
configure:20588: $? = 0
configure:20602: result: yes
configure:20606: checking stddef.h presence
configure:20621: gcc -E  conftest.c
configure:20627: $? = 0
configure:20641: result: yes
configure:20674: checking for stddef.h
configure:20682: result: yes
configure:20555: checking for stdlib.h
configure:20561: result: yes
configure:20555: checking for string.h
configure:20561: result: yes
configure:20555: checking for unistd.h
configure:20561: result: yes
configure:20736: checking for ld used by GCC
configure:20800: result: /usr/bin/ld
configure:20809: checking if the linker (/usr/bin/ld) is GNU ld
configure:20822: result: yes
configure:20829: checking for shared library run path origin
configure:20842: result: done
configure:21292: checking for iconv
configure:21324: gcc -o conftest -g -O2   conftest.c  >&5
configure:21330: $? = 0
configure:21400: result: yes
configure:21423: checking for iconv declaration
configure:21462: gcc -c -g -O2  conftest.c >&5
configure:21468: $? = 0
configure:21487: result: 
         extern size_t iconv (iconv_t cd, char * *inbuf, size_t *inbytesleft, char * *outbuf, size_t *outbytesleft);
configure:21516: checking iconv.h usability
configure:21533: gcc -c -g -O2  conftest.c >&5
configure:21539: $? = 0
configure:21553: result: yes
configure:21557: checking iconv.h presence
configure:21572: gcc -E  conftest.c
configure:21578: $? = 0
configure:21592: result: yes
configure:21625: checking for iconv.h
configure:21633: result: yes
configure:21641: checking whether iconv.h defines iconv_t
configure:21654: result: yes
configure:21685: checking for sin
configure:21741: gcc -o conftest -g -O2   conftest.c  >&5
conftest.c:55: warning: conflicting types for built-in function 'sin'
/data/local/tmpdirs/armnyrc/10180/ccwzeh4I.o: In function `main':
/users/dor/armn/yrc/data/svn-xrec-depot/trunk/gd-2.0/conftest.c:66: undefined reference to `sin'
collect2: ld returned 1 exit status
configure:21747: $? = 1
configure: failed program was:
| /* confdefs.h.  */
| #define PACKAGE_NAME "GD"
| #define PACKAGE_TARNAME "gd"
| #define PACKAGE_VERSION "2.0.35"
| #define PACKAGE_STRING "GD 2.0.35"
| #define PACKAGE_BUGREPORT "http://bugs.libgd.org"
| #define PACKAGE "gd"
| #define VERSION "2.0.35"
| #define STDC_HEADERS 1
| #define HAVE_SYS_TYPES_H 1
| #define HAVE_SYS_STAT_H 1
| #define HAVE_STDLIB_H 1
| #define HAVE_STRING_H 1
| #define HAVE_MEMORY_H 1
| #define HAVE_STRINGS_H 1
| #define HAVE_INTTYPES_H 1
| #define HAVE_STDINT_H 1
| #define HAVE_UNISTD_H 1
| #define HAVE_DLFCN_H 1
| #define STDC_HEADERS 1
| #define HAVE_ERRNO_H 1
| #define HAVE_LIMITS_H 1
| #define HAVE_STDDEF_H 1
| #define HAVE_STDLIB_H 1
| #define HAVE_STRING_H 1
| #define HAVE_UNISTD_H 1
| #define HAVE_ICONV 1
| #define ICONV_CONST 
| #define HAVE_ICONV_H 1
| #define HAVE_ICONV_T_DEF 1
| /* end confdefs.h.  */
| /* Define sin to an innocuous variant, in case <limits.h> declares sin.
|    For example, HP-UX 11i <limits.h> declares gettimeofday.  */
| #define sin innocuous_sin
| 
| /* System header to define __stub macros and hopefully few prototypes,
|     which can conflict with char sin (); below.
|     Prefer <limits.h> to <assert.h> if __STDC__ is defined, since
|     <limits.h> exists even on freestanding compilers.  */
| 
| #ifdef __STDC__
| # include <limits.h>
| #else
| # include <assert.h>
| #endif
| 
| #undef sin
| 
| /* Override any GCC internal prototype to avoid an error.
|    Use char because int might match the return type of a GCC
|    builtin and then its argument prototype would still apply.  */
| #ifdef __cplusplus
| extern "C"
| #endif
| char sin ();
| /* The GNU C library defines this for functions which it implements
|     to always fail with ENOSYS.  Some functions are actually named
|     something starting with __ and the normal name is an alias.  */
| #if defined __stub_sin || defined __stub___sin
| choke me
| #endif
| 
| int
| main ()
| {
| return sin ();
|   ;
|   return 0;
| }
configure:21764: result: no
configure:21770: checking for sin in -lm
configure:21805: gcc -o conftest -g -O2   conftest.c -lm   >&5
conftest.c:39: warning: conflicting types for built-in function 'sin'
configure:21811: $? = 0
configure:21829: result: yes
configure:21843: checking for deflate in -lz
configure:21878: gcc -o conftest -g -O2   conftest.c -lz  -lm  >&5
configure:21884: $? = 0
configure:21902: result: yes
configure:21936: checking for libpng12-config
configure:21954: found /usr/bin/libpng12-config
configure:21966: result: /usr/bin/libpng12-config
configure:21976: checking for libpng-config
configure:21994: found /usr/bin/libpng-config
configure:22006: result: /usr/bin/libpng-config
configure:22044: checking png.h usability
configure:22061: gcc -c -g -O2  conftest.c >&5
configure:22067: $? = 0
configure:22081: result: yes
configure:22085: checking png.h presence
configure:22100: gcc -E  conftest.c
configure:22106: $? = 0
configure:22120: result: yes
configure:22153: checking for png.h
configure:22161: result: yes
configure:22327: checking for png_create_read_struct in -lpng12
configure:22362: gcc -o conftest -g -O2   -L/usr/lib  conftest.c -lpng12  -lz -lm  >&5
configure:22368: $? = 0
configure:22386: result: yes
configure:22625: checking for freetype-config
configure:22643: found /usr/bin/freetype-config
configure:22655: result: /usr/bin/freetype-config
configure:22688: checking for FT_Init_FreeType in -lfreetype
configure:22723: gcc -o conftest -g -O2 -I/usr/include/freetype2    -L/usr/lib  conftest.c -lfreetype  -lpng12 -lz -lm  >&5
configure:22729: $? = 0
configure:22747: result: yes
configure:22781: checking ft2build.h usability
configure:22798: gcc -c -g -O2 -I/usr/include/freetype2  conftest.c >&5
configure:22804: $? = 0
configure:22818: result: yes
configure:22822: checking ft2build.h presence
configure:22837: gcc -E -I/usr/include/freetype2  conftest.c
configure:22843: $? = 0
configure:22857: result: yes
configure:22890: checking for ft2build.h
configure:22898: result: yes
configure:22935: checking for FcInit in -lfontconfig
configure:22970: gcc -o conftest -g -O2 -I/usr/include/freetype2    -L/usr/lib  conftest.c -lfontconfig  -lfreetype -lpng12 -lz -lm  >&5
configure:22976: $? = 0
configure:22994: result: yes
configure:23023: checking for jpeg_set_defaults in -ljpeg
configure:23058: gcc -o conftest -g -O2 -I/usr/include/freetype2    -L/usr/lib  conftest.c -ljpeg  -lfontconfig -lfreetype -lpng12 -lz -lm  >&5
configure:23064: $? = 0
configure:23082: result: yes
configure:23111: checking for XpmReadFileToXpmImage in -lXpm
configure:23146: gcc -o conftest -g -O2 -I/usr/include/freetype2    -L/usr/lib  conftest.c -lXpm -lX11 -ljpeg -lfontconfig -lfreetype -lpng12 -lz -lm  >&5
configure:23152: $? = 0
configure:23170: result: yes
configure:23378: checking for the pthreads library -lpthreads
configure:23421: gcc -o conftest -g -O2  -I/usr/include/freetype2    -L/usr/lib  conftest.c -lpthreads -lXpm -lX11 -ljpeg -lfontconfig -lfreetype -lpng12 -lz -lm  >&5
/usr/bin/ld: cannot find -lpthreads
collect2: ld returned 1 exit status
configure:23427: $? = 1
configure: failed program was:
| /* confdefs.h.  */
| #define PACKAGE_NAME "GD"
| #define PACKAGE_TARNAME "gd"
| #define PACKAGE_VERSION "2.0.35"
| #define PACKAGE_STRING "GD 2.0.35"
| #define PACKAGE_BUGREPORT "http://bugs.libgd.org"
| #define PACKAGE "gd"
| #define VERSION "2.0.35"
| #define STDC_HEADERS 1
| #define HAVE_SYS_TYPES_H 1
| #define HAVE_SYS_STAT_H 1
| #define HAVE_STDLIB_H 1
| #define HAVE_STRING_H 1
| #define HAVE_MEMORY_H 1
| #define HAVE_STRINGS_H 1
| #define HAVE_INTTYPES_H 1
| #define HAVE_STDINT_H 1
| #define HAVE_UNISTD_H 1
| #define HAVE_DLFCN_H 1
| #define STDC_HEADERS 1
| #define HAVE_ERRNO_H 1
| #define HAVE_LIMITS_H 1
| #define HAVE_STDDEF_H 1
| #define HAVE_STDLIB_H 1
| #define HAVE_STRING_H 1
| #define HAVE_UNISTD_H 1
| #define HAVE_ICONV 1
| #define ICONV_CONST 
| #define HAVE_ICONV_H 1
| #define HAVE_ICONV_T_DEF 1
| #define HAVE_LIBM 1
| #define HAVE_LIBZ 1
| #define HAVE_PNG_H 1
| #define HAVE_LIBPNG 1
| #define HAVE_LIBFREETYPE 1
| #define HAVE_FT2BUILD_H 1
| #define HAVE_LIBFONTCONFIG 1
| #define HAVE_LIBJPEG 1
| #define HAVE_LIBXPM 1
| /* end confdefs.h.  */
| #include <pthread.h>
| int
| main ()
| {
| pthread_t th; pthread_join(th, 0);
|                      pthread_attr_init(0); pthread_cleanup_push(0, 0);
|                      pthread_create(0,0,0,0); pthread_cleanup_pop(0);
|   ;
|   return 0;
| }
configure:23447: result: no
configure:23323: checking whether pthreads work without any flags
configure:23421: gcc -o conftest -g -O2  -I/usr/include/freetype2    -L/usr/lib  conftest.c  -lXpm -lX11 -ljpeg -lfontconfig -lfreetype -lpng12 -lz -lm  >&5
configure:23427: $? = 0
configure:23447: result: yes
configure:23466: checking for joinable pthread attribute
configure:23491: gcc -o conftest -g -O2  -I/usr/include/freetype2    -L/usr/lib  conftest.c  -lXpm -lX11 -ljpeg -lfontconfig -lfreetype -lpng12 -lz -lm  >&5
configure:23497: $? = 0
configure:23514: result: PTHREAD_CREATE_JOINABLE
configure:23524: checking if more special flags are required for pthreads
configure:23531: result: no
configure:23625: result:
** Configuration summary for gd 2.0.35:

   Support for PNG library:          yes
   Support for JPEG library:         yes
   Support for Freetype 2.x library: yes
   Support for Fontconfig library:   yes
   Support for Xpm library:          yes
   Support for pthreads:             yes

configure:23768: creating ./config.status

## ---------------------- ##
## Running config.status. ##
## ---------------------- ##

This file was extended by GD config.status 2.0.35, which was
generated by GNU Autoconf 2.61.  Invocation command line was

  CONFIG_FILES    = 
  CONFIG_HEADERS  = 
  CONFIG_LINKS    = 
  CONFIG_COMMANDS = 
  $ ./config.status 

on phillips

config.status:682: creating Makefile
config.status:682: creating config/Makefile
config.status:682: creating config/gdlib-config
config.status:682: creating test/Makefile
config.status:682: creating config.h
config.status:924: config.h is unchanged
config.status:970: executing depfiles commands

## ---------------- ##
## Cache variables. ##
## ---------------- ##

ac_cv_build=i686-pc-linux-gnu
ac_cv_c_compiler_gnu=yes
ac_cv_cxx_compiler_gnu=yes
ac_cv_env_CCC_set=
ac_cv_env_CCC_value=
ac_cv_env_CC_set=
ac_cv_env_CC_value=
ac_cv_env_CFLAGS_set=
ac_cv_env_CFLAGS_value=
ac_cv_env_CPPFLAGS_set=
ac_cv_env_CPPFLAGS_value=
ac_cv_env_CPP_set=
ac_cv_env_CPP_value=
ac_cv_env_CXXCPP_set=
ac_cv_env_CXXCPP_value=
ac_cv_env_CXXFLAGS_set=
ac_cv_env_CXXFLAGS_value=
ac_cv_env_CXX_set=
ac_cv_env_CXX_value=
ac_cv_env_F77_set=
ac_cv_env_F77_value=
ac_cv_env_FFLAGS_set=
ac_cv_env_FFLAGS_value=
ac_cv_env_LDFLAGS_set=
ac_cv_env_LDFLAGS_value=
ac_cv_env_LIBS_set=
ac_cv_env_LIBS_value=
ac_cv_env_XMKMF_set=
ac_cv_env_XMKMF_value=
ac_cv_env_build_alias_set=
ac_cv_env_build_alias_value=
ac_cv_env_host_alias_set=
ac_cv_env_host_alias_value=
ac_cv_env_target_alias_set=
ac_cv_env_target_alias_value=
ac_cv_f77_compiler_gnu=yes
ac_cv_func_sin=no
ac_cv_have_x='have_x=yes	ac_x_includes='\'''\''	ac_x_libraries='\'''\'''
ac_cv_header_dlfcn_h=yes
ac_cv_header_errno_h=yes
ac_cv_header_ft2build_h=yes
ac_cv_header_iconv_h=yes
ac_cv_header_inttypes_h=yes
ac_cv_header_limits_h=yes
ac_cv_header_memory_h=yes
ac_cv_header_png_h=yes
ac_cv_header_stdc=yes
ac_cv_header_stddef_h=yes
ac_cv_header_stdint_h=yes
ac_cv_header_stdlib_h=yes
ac_cv_header_string_h=yes
ac_cv_header_strings_h=yes
ac_cv_header_sys_stat_h=yes
ac_cv_header_sys_types_h=yes
ac_cv_header_unistd_h=yes
ac_cv_host=i686-pc-linux-gnu
ac_cv_lib_Xpm_XpmReadFileToXpmImage=yes
ac_cv_lib_fontconfig_FcInit=yes
ac_cv_lib_freetype_FT_Init_FreeType=yes
ac_cv_lib_jpeg_jpeg_set_defaults=yes
ac_cv_lib_m_sin=yes
ac_cv_lib_png12_png_create_read_struct=yes
ac_cv_lib_png_png_create_read_struct=yes
ac_cv_lib_z_deflate=yes
ac_cv_objext=o
ac_cv_path_EGREP='/bin/grep -E'
ac_cv_path_FREETYPE_CONFIG=/usr/bin/freetype-config
ac_cv_path_GREP=/bin/grep
ac_cv_path_LIBPNG12_CONFIG=/usr/bin/libpng12-config
ac_cv_path_LIBPNG_CONFIG=/usr/bin/libpng-config
ac_cv_path_install='/usr/bin/install -c'
ac_cv_prog_AWK=gawk
ac_cv_prog_CPP='gcc -E'
ac_cv_prog_CXXCPP='g++ -E'
ac_cv_prog_ac_ct_AR=ar
ac_cv_prog_ac_ct_CC=gcc
ac_cv_prog_ac_ct_CXX=g++
ac_cv_prog_ac_ct_F77=g77
ac_cv_prog_ac_ct_RANLIB=ranlib
ac_cv_prog_ac_ct_STRIP=strip
ac_cv_prog_cc_c89=
ac_cv_prog_cc_g=yes
ac_cv_prog_cxx_g=yes
ac_cv_prog_f77_g=yes
ac_cv_prog_make_make_set=yes
ac_cv_target=i686-pc-linux-gnu
acl_cv_hardcode_direct=no
acl_cv_hardcode_libdir_flag_spec='${wl}-rpath ${wl}$libdir'
acl_cv_hardcode_libdir_separator=
acl_cv_hardcode_minus_L=no
acl_cv_libext=a
acl_cv_path_LD=/usr/bin/ld
acl_cv_prog_gnu_ld=yes
acl_cv_rpath=done
acl_cv_shlibext=so
acl_cv_sys_lib_dlsearch_path_spec='/lib /usr/lib'
acl_cv_sys_lib_search_path_spec='/lib /usr/lib /usr/local/lib'
acl_cv_wl=-Wl,
am_cv_CC_dependencies_compiler_type=gcc3
am_cv_CXX_dependencies_compiler_type=gcc3
am_cv_func_iconv=yes
am_cv_lib_iconv=no
am_cv_prog_cc_stdc=
am_cv_proto_iconv='extern size_t iconv (iconv_t cd, char * *inbuf, size_t *inbytesleft, char * *outbuf, size_t *outbytesleft);'
am_cv_proto_iconv_arg1=
lt_cv_deplibs_check_method=pass_all
lt_cv_file_magic_cmd='$MAGIC_CMD'
lt_cv_file_magic_test_file=
lt_cv_ld_reload_flag=-r
lt_cv_objdir=.libs
lt_cv_path_LD=/usr/bin/ld
lt_cv_path_LDCXX=/usr/bin/ld
lt_cv_path_NM='/usr/bin/nm -B'
lt_cv_path_SED=/bin/sed
lt_cv_prog_compiler_c_o=yes
lt_cv_prog_compiler_c_o_CXX=yes
lt_cv_prog_compiler_c_o_F77=yes
lt_cv_prog_compiler_rtti_exceptions=no
lt_cv_prog_gnu_ld=yes
lt_cv_prog_gnu_ldcxx=yes
lt_cv_sys_global_symbol_pipe='sed -n -e '\''s/^.*[ 	]\([ABCDGIRSTW][ABCDGIRSTW]*\)[ 	][ 	]*\([_A-Za-z][_A-Za-z0-9]*\)$/\1 \2 \2/p'\'''
lt_cv_sys_global_symbol_to_c_name_address='sed -n -e '\''s/^: \([^ ]*\) $/  {\"\1\", (lt_ptr) 0},/p'\'' -e '\''s/^[BCDEGRST] \([^ ]*\) \([^ ]*\)$/  {"\2", (lt_ptr) \&\2},/p'\'''
lt_cv_sys_global_symbol_to_cdecl='sed -n -e '\''s/^. .* \(.*\)$/extern int \1;/p'\'''
lt_cv_sys_max_cmd_len=32768
lt_lt_cv_prog_compiler_c_o='"yes"'
lt_lt_cv_prog_compiler_c_o_CXX='"yes"'
lt_lt_cv_prog_compiler_c_o_F77='"yes"'
lt_lt_cv_sys_global_symbol_pipe='"sed -n -e '\''s/^.*[ 	]\\([ABCDGIRSTW][ABCDGIRSTW]*\\)[ 	][ 	]*\\([_A-Za-z][_A-Za-z0-9]*\\)\$/\\1 \\2 \\2/p'\''"'
lt_lt_cv_sys_global_symbol_to_c_name_address='"sed -n -e '\''s/^: \\([^ ]*\\) \$/  {\\\"\\1\\\", (lt_ptr) 0},/p'\'' -e '\''s/^[BCDEGRST] \\([^ ]*\\) \\([^ ]*\\)\$/  {\"\\2\", (lt_ptr) \\&\\2},/p'\''"'
lt_lt_cv_sys_global_symbol_to_cdecl='"sed -n -e '\''s/^. .* \\(.*\\)\$/extern int \\1;/p'\''"'

## ----------------- ##
## Output variables. ##
## ----------------- ##

ACLOCAL='${SHELL} /users/dor/armn/yrc/data/svn-xrec-depot/trunk/gd-2.0/config/missing --run aclocal-1.9'
AMDEPBACKSLASH='\'
AMDEP_FALSE='#'
AMDEP_TRUE=''
AMTAR='${SHELL} /users/dor/armn/yrc/data/svn-xrec-depot/trunk/gd-2.0/config/missing --run tar'
AR='ar'
AUTOCONF='${SHELL} /users/dor/armn/yrc/data/svn-xrec-depot/trunk/gd-2.0/config/missing --run autoconf'
AUTOHEADER='${SHELL} /users/dor/armn/yrc/data/svn-xrec-depot/trunk/gd-2.0/config/missing --run autoheader'
AUTOMAKE='${SHELL} /users/dor/armn/yrc/data/svn-xrec-depot/trunk/gd-2.0/config/missing --run automake-1.9'
AWK='gawk'
CC='gcc'
CCDEPMODE='depmode=gcc3'
CFLAGS='-g -O2'
CPP='gcc -E'
CPPFLAGS='-I/usr/include/freetype2 '
CXX='g++'
CXXCPP='g++ -E'
CXXDEPMODE='depmode=gcc3'
CXXFLAGS='-g -O2'
CYGPATH_W='echo'
DEFS='-DHAVE_CONFIG_H'
DEPDIR='.deps'
ECHO='echo'
ECHO_C=''
ECHO_N='-n'
ECHO_T=''
EGREP='/bin/grep -E'
EXEEXT=''
F77='g77'
FEATURES='GD_XPM GD_JPEG GD_FONTCONFIG GD_FREETYPE GD_PNG GD_GIF GD_GIFANIM GD_OPENPOLYGON'
FFLAGS='-g -O2'
FREETYPE_CONFIG='/usr/bin/freetype-config'
GDLIBNAME='gd'
GDLIB_MAJOR='2'
GDLIB_MINOR='0'
GDLIB_REVISION='35'
GREP='/bin/grep'
INSTALL_DATA='${INSTALL} -m 644'
INSTALL_PROGRAM='${INSTALL}'
INSTALL_SCRIPT='${INSTALL}'
INSTALL_STRIP_PROGRAM='${SHELL} $(install_sh) -c -s'
LDFLAGS='  -L/usr/lib '
LIBICONV=''
LIBOBJS=''
LIBPNG12_CONFIG='/usr/bin/libpng12-config'
LIBPNG_CONFIG='/usr/bin/libpng-config'
LIBS='-lXpm -lX11 -ljpeg -lfontconfig -lfreetype -lpng12 -lz -lm '
LIBTOOL='$(SHELL) $(top_builddir)/libtool'
LN_S='ln -s'
LTLIBICONV=''
LTLIBOBJS=''
MAKEINFO='${SHELL} /users/dor/armn/yrc/data/svn-xrec-depot/trunk/gd-2.0/config/missing --run makeinfo'
OBJEXT='o'
PACKAGE='gd'
PACKAGE_BUGREPORT='http://bugs.libgd.org'
PACKAGE_NAME='GD'
PACKAGE_STRING='GD 2.0.35'
PACKAGE_TARNAME='gd'
PACKAGE_VERSION='2.0.35'
PATH_SEPARATOR=':'
PTHREAD_CC='gcc'
PTHREAD_CFLAGS=''
PTHREAD_LIBS=''
RANLIB='ranlib'
SET_MAKE=''
SHELL='/bin/sh'
STRIP='strip'
VERSION='2.0.35'
XMKMF=''
XTRA_LDFLAGS=''
ac_ct_CC='gcc'
ac_ct_CXX='g++'
ac_ct_F77='g77'
acx_pthread_config=''
am__fastdepCC_FALSE='#'
am__fastdepCC_TRUE=''
am__fastdepCXX_FALSE='#'
am__fastdepCXX_TRUE=''
am__include='include'
am__leading_dot='.'
am__quote=''
am__tar='${AMTAR} chof - "$$tardir"'
am__untar='${AMTAR} xf -'
bindir='${exec_prefix}/bin'
build='i686-pc-linux-gnu'
build_alias=''
build_cpu='i686'
build_os='linux-gnu'
build_vendor='pc'
datadir='${datarootdir}'
datarootdir='${prefix}/share'
docdir='${datarootdir}/doc/${PACKAGE_TARNAME}'
dvidir='${docdir}'
exec_prefix='${prefix}'
host='i686-pc-linux-gnu'
host_alias=''
host_cpu='i686'
host_os='linux-gnu'
host_vendor='pc'
htmldir='${docdir}'
includedir='${prefix}/include'
infodir='${datarootdir}/info'
install_sh='/users/dor/armn/yrc/data/svn-xrec-depot/trunk/gd-2.0/config/install-sh'
libdir='${exec_prefix}/lib'
libexecdir='${exec_prefix}/libexec'
localedir='${datarootdir}/locale'
localstatedir='${prefix}/var'
mandir='${datarootdir}/man'
mkdir_p='mkdir -p --'
oldincludedir='/usr/include'
pdfdir='${docdir}'
prefix='/users/dor/armn/yrc/data/svn-xrec-depot/trunk/../lib'
program_transform_name='s,x,x,'
psdir='${docdir}'
sbindir='${exec_prefix}/sbin'
sharedstatedir='${prefix}/com'
sysconfdir='${prefix}/etc'
target='i686-pc-linux-gnu'
target_alias=''
target_cpu='i686'
target_os='linux-gnu'
target_vendor='pc'

## ----------- ##
## confdefs.h. ##
## ----------- ##

#define PACKAGE_NAME "GD"
#define PACKAGE_TARNAME "gd"
#define PACKAGE_VERSION "2.0.35"
#define PACKAGE_STRING "GD 2.0.35"
#define PACKAGE_BUGREPORT "http://bugs.libgd.org"
#define PACKAGE "gd"
#define VERSION "2.0.35"
#define STDC_HEADERS 1
#define HAVE_SYS_TYPES_H 1
#define HAVE_SYS_STAT_H 1
#define HAVE_STDLIB_H 1
#define HAVE_STRING_H 1
#define HAVE_MEMORY_H 1
#define HAVE_STRINGS_H 1
#define HAVE_INTTYPES_H 1
#define HAVE_STDINT_H 1
#define HAVE_UNISTD_H 1
#define HAVE_DLFCN_H 1
#define STDC_HEADERS 1
#define HAVE_ERRNO_H 1
#define HAVE_LIMITS_H 1
#define HAVE_STDDEF_H 1
#define HAVE_STDLIB_H 1
#define HAVE_STRING_H 1
#define HAVE_UNISTD_H 1
#define HAVE_ICONV 1
#define ICONV_CONST 
#define HAVE_ICONV_H 1
#define HAVE_ICONV_T_DEF 1
#define HAVE_LIBM 1
#define HAVE_LIBZ 1
#define HAVE_PNG_H 1
#define HAVE_LIBPNG 1
#define HAVE_LIBFREETYPE 1
#define HAVE_FT2BUILD_H 1
#define HAVE_LIBFONTCONFIG 1
#define HAVE_LIBJPEG 1
#define HAVE_LIBXPM 1
#define HAVE_PTHREAD 1

configure: exit 0

## ---------------------- ##
## Running config.status. ##
## ---------------------- ##

This file was extended by GD config.status 2.0.35, which was
generated by GNU Autoconf 2.61.  Invocation command line was

  CONFIG_FILES    = 
  CONFIG_HEADERS  = 
  CONFIG_LINKS    = 
  CONFIG_COMMANDS = 
  $ ./config.status 

on phillips

config.status:682: creating Makefile
config.status:682: creating config/Makefile
config.status:682: creating config/gdlib-config
config.status:682: creating test/Makefile
